2025/04/02 22:32:15 registering quit
2025/04/02 22:32:15 registering RECORD_KEYS
2025/04/02 22:32:15 registering DONT_RECORD_KEYS
2025/04/02 22:32:15 ON_KEY 0
2025/04/02 22:32:15 Loading plugin manager: plugin-manager...
2025/04/02 22:32:15 ON_APP_START 0
2025/04/02 22:32:15 Custom plugin plugin-manager loaded successfully.
2025/04/02 22:32:15 Starting TG-Edit...
2025/04/02 22:32:15 ACTIVE_WINDOW_CHANGED 0
2025/04/02 22:32:15 ON_KEY 1
2025/04/02 22:32:15 registering COMMAND
2025/04/02 22:32:15 Plugin 'CommandPallete' added successfully.
2025/04/02 22:32:15 Loaded plugin: CommandPallete
2025/04/02 22:32:15 registering GET_STYLES
2025/04/02 22:32:15 registering SET_STYLES
2025/04/02 22:32:15 Plugin 'HighLight' added successfully.
2025/04/02 22:32:15 Loaded plugin: HighLight
2025/04/02 22:32:15 registering AddMessage
2025/04/02 22:32:15 registering GetMessages
2025/04/02 22:32:15 MessageCenter Plugin Initialized
2025/04/02 22:32:15 Plugin 'MessageCenter' added successfully.
2025/04/02 22:32:15 Loaded plugin: MessageCenter
2025/04/02 22:32:15 ON_UI_START 0
2025/04/02 22:32:15 Plugin 'StatusLine' added successfully.
2025/04/02 22:32:15 Loaded plugin: StatusLine
2025/04/02 22:32:15 ON_Quit 0
2025/04/02 22:32:15 registering Start_UI
2025/04/02 22:32:15 registering SET_WINDOW_CONTENT
2025/04/02 22:32:15 registering GET_WINDOW_CONTENT
2025/04/02 22:32:15 registering OPEN_WINDOW
2025/04/02 22:32:15 registering CLOSE_WINDOW
2025/04/02 22:32:15 registering ACTIVE_WINDOW
2025/04/02 22:32:15 registering GET_SCREEN_SIZE
2025/04/02 22:32:15 registering STYLE_TEXT
2025/04/02 22:32:15 Plugin 'UIManager' added successfully.
2025/04/02 22:32:15 Loaded plugin: UIManager
2025/04/02 22:32:15 Calling function: Start_UI
2025/04/02 22:32:15 Calling function: GET_SCREEN_SIZE
2025/04/02 22:32:15 Function GET_SCREEN_SIZE executed successfully
2025/04/02 22:32:15 Calling function: SET_STYLES
2025/04/02 22:32:15 Calling function: AddMessage
2025/04/02 22:32:15 [INFO] Style updated: status_line
2025/04/02 22:32:15 Function AddMessage executed successfully
2025/04/02 22:32:15 Function SET_STYLES executed successfully
2025/04/02 22:32:15 Calling function: OPEN_WINDOW
2025/04/02 22:32:15 Calling function: GET_STYLES
2025/04/02 22:32:15 Function GET_STYLES executed successfully
2025/04/02 22:32:15 Calling function: AddMessage
2025/04/02 22:32:15 [INFO] Opening Status line
2025/04/02 22:32:15 Function AddMessage executed successfully
2025/04/02 22:32:15 Calling function: GET_STYLES
2025/04/02 22:32:15 Function GET_STYLES executed successfully
2025/04/02 22:32:15 Function OPEN_WINDOW executed successfully
2025/04/02 22:32:15 ON_KEY_COMBINATION_FOUND 0
2025/04/02 22:32:15 ON_KEY_COMBINATION_PROCCESSING 0
2025/04/02 22:32:15 Calling function: GET_STYLES
2025/04/02 22:32:15 Function GET_STYLES executed successfully
2025/04/02 22:32:16 Calling function: SET_WINDOW_CONTENT
2025/04/02 22:32:16 Calling function: GET_STYLES
2025/04/02 22:32:16 Function GET_STYLES executed successfully
2025/04/02 22:32:16 Calling function: AddMessage
2025/04/02 22:32:16 [INFO] Window content updated
2025/04/02 22:32:16 Function AddMessage executed successfully
2025/04/02 22:32:16 Function SET_WINDOW_CONTENT executed successfully
2025/04/02 22:32:16 Calling function: GET_STYLES
2025/04/02 22:32:16 Function GET_STYLES executed successfully
2025/04/02 22:32:16 Calling function: SET_WINDOW_CONTENT
2025/04/02 22:32:16 Calling function: GET_STYLES
2025/04/02 22:32:16 Function GET_STYLES executed successfully
2025/04/02 22:32:16 Calling function: AddMessage
2025/04/02 22:32:16 [INFO] Window content updated
2025/04/02 22:32:16 Function AddMessage executed successfully
2025/04/02 22:32:16 Function SET_WINDOW_CONTENT executed successfully
2025/04/02 22:32:16 Calling function: GET_STYLES
2025/04/02 22:32:16 Function GET_STYLES executed successfully
2025/04/02 22:32:16 Calling function: SET_WINDOW_CONTENT
2025/04/02 22:32:16 Calling function: GET_STYLES
2025/04/02 22:32:16 Function GET_STYLES executed successfully
2025/04/02 22:32:16 Calling function: AddMessage
2025/04/02 22:32:16 [INFO] Window content updated
2025/04/02 22:32:16 Function AddMessage executed successfully
2025/04/02 22:32:16 Function SET_WINDOW_CONTENT executed successfully
2025/04/02 22:32:16 Calling function: GET_STYLES
2025/04/02 22:32:16 Function GET_STYLES executed successfully
2025/04/02 22:32:17 Calling function: SET_WINDOW_CONTENT
2025/04/02 22:32:17 Calling function: GET_STYLES
2025/04/02 22:32:17 Function GET_STYLES executed successfully
2025/04/02 22:32:17 Calling function: AddMessage
2025/04/02 22:32:17 [INFO] Window content updated
2025/04/02 22:32:17 Function AddMessage executed successfully
2025/04/02 22:32:17 Function SET_WINDOW_CONTENT executed successfully
2025/04/02 22:32:17 Calling function: GET_STYLES
2025/04/02 22:32:17 Function GET_STYLES executed successfully
2025/04/02 22:32:17 Calling function: SET_WINDOW_CONTENT
2025/04/02 22:32:17 Calling function: GET_STYLES
2025/04/02 22:32:17 Function GET_STYLES executed successfully
2025/04/02 22:32:17 Calling function: AddMessage
2025/04/02 22:32:17 [INFO] Window content updated
2025/04/02 22:32:17 Function AddMessage executed successfully
2025/04/02 22:32:17 Function SET_WINDOW_CONTENT executed successfully
2025/04/02 22:32:17 Calling function: GET_STYLES
2025/04/02 22:32:17 Function GET_STYLES executed successfully
2025/04/02 22:32:17 Calling function: SET_WINDOW_CONTENT
2025/04/02 22:32:17 Calling function: GET_STYLES
2025/04/02 22:32:17 Function GET_STYLES executed successfully
2025/04/02 22:32:17 Calling function: AddMessage
2025/04/02 22:32:17 [INFO] Window content updated
2025/04/02 22:32:17 Function AddMessage executed successfully
2025/04/02 22:32:17 Function SET_WINDOW_CONTENT executed successfully
2025/04/02 22:32:17 Calling function: GET_STYLES
2025/04/02 22:32:17 Function GET_STYLES executed successfully
2025/04/02 22:32:17 Calling function: SET_WINDOW_CONTENT
2025/04/02 22:32:17 Calling function: GET_STYLES
2025/04/02 22:32:17 Function GET_STYLES executed successfully
2025/04/02 22:32:17 Calling function: AddMessage
2025/04/02 22:32:17 [INFO] Window content updated
2025/04/02 22:32:17 Function AddMessage executed successfully
2025/04/02 22:32:17 Function SET_WINDOW_CONTENT executed successfully
2025/04/02 22:32:17 Calling function: GET_STYLES
2025/04/02 22:32:17 Function GET_STYLES executed successfully
2025/04/02 22:32:17 Calling function: SET_WINDOW_CONTENT
2025/04/02 22:32:17 Calling function: GET_STYLES
2025/04/02 22:32:17 Function GET_STYLES executed successfully
2025/04/02 22:32:17 Calling function: AddMessage
2025/04/02 22:32:17 [INFO] Window content updated
2025/04/02 22:32:17 Function AddMessage executed successfully
2025/04/02 22:32:17 Function SET_WINDOW_CONTENT executed successfully
2025/04/02 22:32:17 Calling function: GET_STYLES
2025/04/02 22:32:17 Function GET_STYLES executed successfully
2025/04/02 22:32:17 Calling function: SET_WINDOW_CONTENT
2025/04/02 22:32:17 Calling function: GET_STYLES
2025/04/02 22:32:17 Function GET_STYLES executed successfully
2025/04/02 22:32:17 Calling function: AddMessage
2025/04/02 22:32:17 [INFO] Window content updated
2025/04/02 22:32:17 Function AddMessage executed successfully
2025/04/02 22:32:17 Function SET_WINDOW_CONTENT executed successfully
2025/04/02 22:32:17 Calling function: GET_STYLES
2025/04/02 22:32:17 Function GET_STYLES executed successfully
2025/04/02 22:32:18 Calling function: SET_WINDOW_CONTENT
2025/04/02 22:32:18 Calling function: GET_STYLES
2025/04/02 22:32:18 Function GET_STYLES executed successfully
2025/04/02 22:32:18 Calling function: AddMessage
2025/04/02 22:32:18 [INFO] Window content updated
2025/04/02 22:32:18 Function AddMessage executed successfully
2025/04/02 22:32:18 Function SET_WINDOW_CONTENT executed successfully
2025/04/02 22:32:18 Calling function: COMMAND
2025/04/02 22:32:18 Calling function: GET_SCREEN_SIZE
2025/04/02 22:32:18 Function GET_SCREEN_SIZE executed successfully
2025/04/02 22:32:18 Calling function: OPEN_WINDOW
2025/04/02 22:32:18 Calling function: GET_STYLES
2025/04/02 22:32:18 Function GET_STYLES executed successfully
2025/04/02 22:32:18 Calling function: AddMessage
2025/04/02 22:32:18 [INFO] Opening Command Pallete
2025/04/02 22:32:18 Function AddMessage executed successfully
2025/04/02 22:32:18 Calling function: GET_STYLES
2025/04/02 22:32:18 Function GET_STYLES executed successfully
2025/04/02 22:32:18 Calling function: GET_STYLES
2025/04/02 22:32:18 Function GET_STYLES executed successfully
2025/04/02 22:32:18 Function OPEN_WINDOW executed successfully
2025/04/02 22:32:18 Calling function: DONT_RECORD_KEYS
2025/04/02 22:32:18 Function DONT_RECORD_KEYS executed successfully
2025/04/02 22:32:18 Function COMMAND executed successfully
2025/04/02 22:32:18 Calling function: SET_WINDOW_CONTENT
2025/04/02 22:32:18 Calling function: GET_STYLES
2025/04/02 22:32:18 Function GET_STYLES executed successfully
2025/04/02 22:32:18 Calling function: GET_STYLES
2025/04/02 22:32:18 Function GET_STYLES executed successfully
2025/04/02 22:32:18 Calling function: AddMessage
2025/04/02 22:32:18 [INFO] Window content updated
2025/04/02 22:32:18 Function AddMessage executed successfully
2025/04/02 22:32:18 Function SET_WINDOW_CONTENT executed successfully
2025/04/02 22:32:18 Calling function: GET_STYLES
2025/04/02 22:32:18 Function GET_STYLES executed successfully
2025/04/02 22:32:18 Calling function: GET_STYLES
2025/04/02 22:32:18 Function GET_STYLES executed successfully
2025/04/02 22:32:19 Calling function: SET_WINDOW_CONTENT
2025/04/02 22:32:19 Calling function: GET_STYLES
2025/04/02 22:32:19 Function GET_STYLES executed successfully
2025/04/02 22:32:19 Calling function: GET_STYLES
2025/04/02 22:32:19 Function GET_STYLES executed successfully
2025/04/02 22:32:19 Calling function: AddMessage
2025/04/02 22:32:19 [INFO] Window content updated
2025/04/02 22:32:19 Function AddMessage executed successfully
2025/04/02 22:32:19 Function SET_WINDOW_CONTENT executed successfully
2025/04/02 22:32:19 Calling function: GET_STYLES
2025/04/02 22:32:19 Function GET_STYLES executed successfully
2025/04/02 22:32:19 Calling function: GET_STYLES
2025/04/02 22:32:19 Function GET_STYLES executed successfully
2025/04/02 22:32:19 Calling function: SET_WINDOW_CONTENT
2025/04/02 22:32:19 Calling function: GET_STYLES
2025/04/02 22:32:19 Function GET_STYLES executed successfully
2025/04/02 22:32:19 Calling function: GET_STYLES
2025/04/02 22:32:19 Function GET_STYLES executed successfully
2025/04/02 22:32:19 Calling function: AddMessage
2025/04/02 22:32:19 [INFO] Window content updated
2025/04/02 22:32:19 Function AddMessage executed successfully
2025/04/02 22:32:19 Function SET_WINDOW_CONTENT executed successfully
2025/04/02 22:32:19 Calling function: GET_STYLES
2025/04/02 22:32:19 Function GET_STYLES executed successfully
2025/04/02 22:32:19 Calling function: GET_STYLES
2025/04/02 22:32:19 Function GET_STYLES executed successfully
2025/04/02 22:32:19 Calling function: SET_WINDOW_CONTENT
2025/04/02 22:32:19 Calling function: GET_STYLES
2025/04/02 22:32:19 Function GET_STYLES executed successfully
2025/04/02 22:32:19 Calling function: GET_STYLES
2025/04/02 22:32:19 Function GET_STYLES executed successfully
2025/04/02 22:32:19 Calling function: AddMessage
2025/04/02 22:32:19 [INFO] Window content updated
2025/04/02 22:32:19 Function AddMessage executed successfully
2025/04/02 22:32:19 Function SET_WINDOW_CONTENT executed successfully
2025/04/02 22:32:19 Calling function: GET_STYLES
2025/04/02 22:32:19 Function GET_STYLES executed successfully
2025/04/02 22:32:19 Calling function: GET_STYLES
2025/04/02 22:32:19 Function GET_STYLES executed successfully
2025/04/02 22:32:19 Calling function: SET_WINDOW_CONTENT
2025/04/02 22:32:19 Calling function: GET_STYLES
2025/04/02 22:32:19 Function GET_STYLES executed successfully
2025/04/02 22:32:19 Calling function: GET_STYLES
2025/04/02 22:32:19 Function GET_STYLES executed successfully
2025/04/02 22:32:19 Calling function: AddMessage
2025/04/02 22:32:19 [INFO] Window content updated
2025/04/02 22:32:19 Function AddMessage executed successfully
2025/04/02 22:32:19 Function SET_WINDOW_CONTENT executed successfully
2025/04/02 22:32:19 Calling function: GET_STYLES
2025/04/02 22:32:19 Function GET_STYLES executed successfully
2025/04/02 22:32:19 Calling function: GET_STYLES
2025/04/02 22:32:19 Function GET_STYLES executed successfully
2025/04/02 22:32:19 Calling function: SET_WINDOW_CONTENT
2025/04/02 22:32:19 Calling function: GET_STYLES
2025/04/02 22:32:19 Function GET_STYLES executed successfully
2025/04/02 22:32:19 Calling function: GET_STYLES
2025/04/02 22:32:19 Function GET_STYLES executed successfully
2025/04/02 22:32:19 Calling function: AddMessage
2025/04/02 22:32:19 [INFO] Window content updated
2025/04/02 22:32:19 Function AddMessage executed successfully
2025/04/02 22:32:19 Function SET_WINDOW_CONTENT executed successfully
2025/04/02 22:32:19 Calling function: GET_STYLES
2025/04/02 22:32:19 Function GET_STYLES executed successfully
2025/04/02 22:32:19 Calling function: GET_STYLES
2025/04/02 22:32:19 Function GET_STYLES executed successfully
2025/04/02 22:32:19 Calling function: SET_WINDOW_CONTENT
2025/04/02 22:32:19 Calling function: GET_STYLES
2025/04/02 22:32:19 Function GET_STYLES executed successfully
2025/04/02 22:32:19 Calling function: GET_STYLES
2025/04/02 22:32:19 Function GET_STYLES executed successfully
2025/04/02 22:32:19 Calling function: AddMessage
2025/04/02 22:32:19 [INFO] Window content updated
2025/04/02 22:32:19 Function AddMessage executed successfully
2025/04/02 22:32:19 Function SET_WINDOW_CONTENT executed successfully
2025/04/02 22:32:19 Calling function: GET_STYLES
2025/04/02 22:32:19 Function GET_STYLES executed successfully
2025/04/02 22:32:19 Calling function: GET_STYLES
2025/04/02 22:32:19 Function GET_STYLES executed successfully
2025/04/02 22:32:19 Calling function: SET_WINDOW_CONTENT
2025/04/02 22:32:19 Calling function: GET_STYLES
2025/04/02 22:32:19 Function GET_STYLES executed successfully
2025/04/02 22:32:19 Calling function: GET_STYLES
2025/04/02 22:32:19 Function GET_STYLES executed successfully
2025/04/02 22:32:19 Calling function: AddMessage
2025/04/02 22:32:19 [INFO] Window content updated
2025/04/02 22:32:19 Function AddMessage executed successfully
2025/04/02 22:32:19 Function SET_WINDOW_CONTENT executed successfully
2025/04/02 22:32:19 Calling function: GET_STYLES
2025/04/02 22:32:19 Function GET_STYLES executed successfully
2025/04/02 22:32:19 Calling function: GET_STYLES
2025/04/02 22:32:19 Function GET_STYLES executed successfully
2025/04/02 22:32:20 Calling function: SET_WINDOW_CONTENT
2025/04/02 22:32:20 Calling function: GET_STYLES
2025/04/02 22:32:20 Function GET_STYLES executed successfully
2025/04/02 22:32:20 Calling function: GET_STYLES
2025/04/02 22:32:20 Function GET_STYLES executed successfully
2025/04/02 22:32:20 Calling function: AddMessage
2025/04/02 22:32:20 [INFO] Window content updated
2025/04/02 22:32:20 Function AddMessage executed successfully
2025/04/02 22:32:20 Function SET_WINDOW_CONTENT executed successfully
2025/04/02 22:32:20 Calling function: GET_STYLES
2025/04/02 22:32:20 Function GET_STYLES executed successfully
2025/04/02 22:32:20 Calling function: GET_STYLES
2025/04/02 22:32:20 Function GET_STYLES executed successfully
2025/04/02 22:32:20 Calling function: SET_WINDOW_CONTENT
2025/04/02 22:32:20 Calling function: GET_STYLES
2025/04/02 22:32:20 Function GET_STYLES executed successfully
2025/04/02 22:32:20 Calling function: GET_STYLES
2025/04/02 22:32:20 Function GET_STYLES executed successfully
2025/04/02 22:32:20 Calling function: AddMessage
2025/04/02 22:32:20 [INFO] Window content updated
2025/04/02 22:32:20 Function AddMessage executed successfully
2025/04/02 22:32:20 Function SET_WINDOW_CONTENT executed successfully
2025/04/02 22:32:20 Calling function: GET_STYLES
2025/04/02 22:32:20 Function GET_STYLES executed successfully
2025/04/02 22:32:20 Calling function: GET_STYLES
2025/04/02 22:32:20 Function GET_STYLES executed successfully
2025/04/02 22:32:20 Calling function: SET_WINDOW_CONTENT
2025/04/02 22:32:20 Calling function: GET_STYLES
2025/04/02 22:32:20 Function GET_STYLES executed successfully
2025/04/02 22:32:20 Calling function: GET_STYLES
2025/04/02 22:32:20 Function GET_STYLES executed successfully
2025/04/02 22:32:20 Calling function: AddMessage
2025/04/02 22:32:20 [INFO] Window content updated
2025/04/02 22:32:20 Function AddMessage executed successfully
2025/04/02 22:32:20 Function SET_WINDOW_CONTENT executed successfully
2025/04/02 22:32:20 Calling function: GET_STYLES
2025/04/02 22:32:20 Function GET_STYLES executed successfully
2025/04/02 22:32:20 Calling function: GET_STYLES
2025/04/02 22:32:20 Function GET_STYLES executed successfully
2025/04/02 22:32:20 Calling function: SET_WINDOW_CONTENT
2025/04/02 22:32:20 Calling function: GET_STYLES
2025/04/02 22:32:20 Function GET_STYLES executed successfully
2025/04/02 22:32:20 Calling function: GET_STYLES
2025/04/02 22:32:20 Function GET_STYLES executed successfully
2025/04/02 22:32:20 Calling function: AddMessage
2025/04/02 22:32:20 [INFO] Window content updated
2025/04/02 22:32:20 Function AddMessage executed successfully
2025/04/02 22:32:20 Function SET_WINDOW_CONTENT executed successfully
2025/04/02 22:32:20 Calling function: GET_STYLES
2025/04/02 22:32:20 Function GET_STYLES executed successfully
2025/04/02 22:32:20 Calling function: GET_STYLES
2025/04/02 22:32:20 Function GET_STYLES executed successfully
2025/04/02 22:32:38 Calling function: CLOSE_WINDOW
2025/04/02 22:32:38 Calling function: AddMessage
2025/04/02 22:32:38 [INFO] Window closed
2025/04/02 22:32:38 Function AddMessage executed successfully
2025/04/02 22:32:38 Calling function: GET_STYLES
2025/04/02 22:32:38 Function GET_STYLES executed successfully
2025/04/02 22:32:38 Function CLOSE_WINDOW executed successfully
2025/04/02 22:32:38 Calling function: RECORD_KEYS
2025/04/02 22:32:38 Function RECORD_KEYS executed successfully
2025/04/02 22:32:38 Calling function: SET_WINDOW_CONTENT
2025/04/02 22:32:38 Calling function: GET_STYLES
2025/04/02 22:32:38 Function GET_STYLES executed successfully
2025/04/02 22:32:38 Calling function: AddMessage
2025/04/02 22:32:38 [INFO] Window content updated
2025/04/02 22:32:38 Function AddMessage executed successfully
2025/04/02 22:32:38 Function SET_WINDOW_CONTENT executed successfully
2025/04/02 22:32:38 Calling function: GET_STYLES
2025/04/02 22:32:38 Function GET_STYLES executed successfully
2025/04/02 22:32:39 Calling function: SET_WINDOW_CONTENT
2025/04/02 22:32:39 Calling function: GET_STYLES
2025/04/02 22:32:39 Function GET_STYLES executed successfully
2025/04/02 22:32:39 Calling function: AddMessage
2025/04/02 22:32:39 [INFO] Window content updated
2025/04/02 22:32:39 Function AddMessage executed successfully
2025/04/02 22:32:39 Function SET_WINDOW_CONTENT executed successfully
2025/04/02 22:32:39 Calling function: GET_STYLES
2025/04/02 22:32:39 Function GET_STYLES executed successfully
